1572953741313	mozrunner::runner	INFO	Running command: "/Applications/Firefox.app/Contents/MacOS/firefox-bin" "-marionette" "-foreground" "-no-remote" "-profile" "/var/folders/76/30kylqcx3bz_ngs952jkkmbr0000gn/T/rust_mozprofileVO6ssH"
1572953741951	addons.webextension.screenshots@mozilla.org	WARN	Loading extension 'screenshots@mozilla.org': Reading manifest: Invalid extension permission: mozillaAddons
1572953741952	addons.webextension.screenshots@mozilla.org	WARN	Loading extension 'screenshots@mozilla.org': Reading manifest: Invalid extension permission: telemetry
1572953741952	addons.webextension.screenshots@mozilla.org	WARN	Loading extension 'screenshots@mozilla.org': Reading manifest: Invalid extension permission: resource://pdf.js/
1572953741952	addons.webextension.screenshots@mozilla.org	WARN	Loading extension 'screenshots@mozilla.org': Reading manifest: Invalid extension permission: about:reader*
1572953743776	Marionette	INFO	Listening on port 50270
1572953743878	Marionette	WARN	TLS certificate errors will be ignored for this session
1572953762663	Marionette	INFO	Stopped listening on port 50270
1572954016783	mozrunner::runner	INFO	Running command: "/Applications/Firefox.app/Contents/MacOS/firefox-bin" "-marionette" "-foreground" "-no-remote" "-profile" "/var/folders/76/30kylqcx3bz_ngs952jkkmbr0000gn/T/rust_mozprofileI7i06T"
1572954017275	addons.webextension.screenshots@mozilla.org	WARN	Loading extension 'screenshots@mozilla.org': Reading manifest: Invalid extension permission: mozillaAddons
1572954017276	addons.webextension.screenshots@mozilla.org	WARN	Loading extension 'screenshots@mozilla.org': Reading manifest: Invalid extension permission: telemetry
1572954017276	addons.webextension.screenshots@mozilla.org	WARN	Loading extension 'screenshots@mozilla.org': Reading manifest: Invalid extension permission: resource://pdf.js/
1572954017276	addons.webextension.screenshots@mozilla.org	WARN	Loading extension 'screenshots@mozilla.org': Reading manifest: Invalid extension permission: about:reader*
1572954018970	Marionette	INFO	Listening on port 50367
1572954019062	Marionette	WARN	TLS certificate errors will be ignored for this session
1572954021975	Marionette	INFO	Stopped listening on port 50367
1572954065533	mozrunner::runner	INFO	Running command: "/Applications/Firefox.app/Contents/MacOS/firefox-bin" "-marionette" "-foreground" "-no-remote" "-profile" "/var/folders/76/30kylqcx3bz_ngs952jkkmbr0000gn/T/rust_mozprofilejM9tWc"
1572954066004	addons.webextension.screenshots@mozilla.org	WARN	Loading extension 'screenshots@mozilla.org': Reading manifest: Invalid extension permission: mozillaAddons
1572954066004	addons.webextension.screenshots@mozilla.org	WARN	Loading extension 'screenshots@mozilla.org': Reading manifest: Invalid extension permission: telemetry
1572954066004	addons.webextension.screenshots@mozilla.org	WARN	Loading extension 'screenshots@mozilla.org': Reading manifest: Invalid extension permission: resource://pdf.js/
1572954066004	addons.webextension.screenshots@mozilla.org	WARN	Loading extension 'screenshots@mozilla.org': Reading manifest: Invalid extension permission: about:reader*
1572954067688	Marionette	INFO	Listening on port 50439
1572954067784	Marionette	WARN	TLS certificate errors will be ignored for this session
1572954072071	Marionette	INFO	Stopped listening on port 50439
1572954322456	mozrunner::runner	INFO	Running command: "/Applications/Firefox.app/Contents/MacOS/firefox-bin" "-marionette" "-foreground" "-no-remote" "-profile" "/var/folders/76/30kylqcx3bz_ngs952jkkmbr0000gn/T/rust_mozprofile8p3KxH"
1572954322955	addons.webextension.screenshots@mozilla.org	WARN	Loading extension 'screenshots@mozilla.org': Reading manifest: Invalid extension permission: mozillaAddons
1572954322955	addons.webextension.screenshots@mozilla.org	WARN	Loading extension 'screenshots@mozilla.org': Reading manifest: Invalid extension permission: telemetry
1572954322955	addons.webextension.screenshots@mozilla.org	WARN	Loading extension 'screenshots@mozilla.org': Reading manifest: Invalid extension permission: resource://pdf.js/
1572954322955	addons.webextension.screenshots@mozilla.org	WARN	Loading extension 'screenshots@mozilla.org': Reading manifest: Invalid extension permission: about:reader*
1572954324612	Marionette	INFO	Listening on port 50514
1572954324713	Marionette	WARN	TLS certificate errors will be ignored for this session
JavaScript error: resource:///modules/BrowserContentHandler.jsm, line 247: NS_ERROR_XPC_GS_RETURNED_FAILURE: ServiceManager::GetService returned failure code:
1572954331066	Marionette	INFO	Stopped listening on port 50514
1572954370349	mozrunner::runner	INFO	Running command: "/Applications/Firefox.app/Contents/MacOS/firefox-bin" "-marionette" "-foreground" "-no-remote" "-profile" "/var/folders/76/30kylqcx3bz_ngs952jkkmbr0000gn/T/rust_mozprofileXc4jf2"
1572954370846	addons.webextension.screenshots@mozilla.org	WARN	Loading extension 'screenshots@mozilla.org': Reading manifest: Invalid extension permission: mozillaAddons
1572954370846	addons.webextension.screenshots@mozilla.org	WARN	Loading extension 'screenshots@mozilla.org': Reading manifest: Invalid extension permission: telemetry
1572954370846	addons.webextension.screenshots@mozilla.org	WARN	Loading extension 'screenshots@mozilla.org': Reading manifest: Invalid extension permission: resource://pdf.js/
1572954370846	addons.webextension.screenshots@mozilla.org	WARN	Loading extension 'screenshots@mozilla.org': Reading manifest: Invalid extension permission: about:reader*
1572954372516	Marionette	INFO	Listening on port 50586
1572954372592	Marionette	WARN	TLS certificate errors will be ignored for this session
1572954382513	Marionette	INFO	Stopped listening on port 50586
1572954434852	mozrunner::runner	INFO	Running command: "/Applications/Firefox.app/Contents/MacOS/firefox-bin" "-marionette" "-foreground" "-no-remote" "-profile" "/var/folders/76/30kylqcx3bz_ngs952jkkmbr0000gn/T/rust_mozprofileD2DReP"
1572954435376	addons.webextension.screenshots@mozilla.org	WARN	Loading extension 'screenshots@mozilla.org': Reading manifest: Invalid extension permission: mozillaAddons
1572954435376	addons.webextension.screenshots@mozilla.org	WARN	Loading extension 'screenshots@mozilla.org': Reading manifest: Invalid extension permission: telemetry
1572954435376	addons.webextension.screenshots@mozilla.org	WARN	Loading extension 'screenshots@mozilla.org': Reading manifest: Invalid extension permission: resource://pdf.js/
1572954435376	addons.webextension.screenshots@mozilla.org	WARN	Loading extension 'screenshots@mozilla.org': Reading manifest: Invalid extension permission: about:reader*
1572954437025	Marionette	INFO	Listening on port 50662
1572954437090	Marionette	WARN	TLS certificate errors will be ignored for this session
1572954460834	Marionette	INFO	Stopped listening on port 50662
1572954500293	mozrunner::runner	INFO	Running command: "/Applications/Firefox.app/Contents/MacOS/firefox-bin" "-marionette" "-foreground" "-no-remote" "-profile" "/var/folders/76/30kylqcx3bz_ngs952jkkmbr0000gn/T/rust_mozprofile0wzJL6"
1572954500790	addons.webextension.screenshots@mozilla.org	WARN	Loading extension 'screenshots@mozilla.org': Reading manifest: Invalid extension permission: mozillaAddons
1572954500790	addons.webextension.screenshots@mozilla.org	WARN	Loading extension 'screenshots@mozilla.org': Reading manifest: Invalid extension permission: telemetry
1572954500790	addons.webextension.screenshots@mozilla.org	WARN	Loading extension 'screenshots@mozilla.org': Reading manifest: Invalid extension permission: resource://pdf.js/
1572954500791	addons.webextension.screenshots@mozilla.org	WARN	Loading extension 'screenshots@mozilla.org': Reading manifest: Invalid extension permission: about:reader*
1572954502434	Marionette	INFO	Listening on port 50761
1572954502541	Marionette	WARN	TLS certificate errors will be ignored for this session
JavaScript error: resource:///modules/BrowserContentHandler.jsm, line 247: NS_ERROR_XPC_GS_RETURNED_FAILURE: ServiceManager::GetService returned failure code:
JavaScript error: resource:///modules/BrowserContentHandler.jsm, line 247: NS_ERROR_XPC_GS_RETURNED_FAILURE: ServiceManager::GetService returned failure code:
JavaScript error: resource:///modules/BrowserContentHandler.jsm, line 247: NS_ERROR_XPC_GS_RETURNED_FAILURE: ServiceManager::GetService returned failure code:
JavaScript error: https://5582603.fls.doubleclick.net/ddm/fls/r/src=5582603;type=evergree;cat=psprodlp;u3=UP0006-CUSA15081_00-DELUXEPREORDER00;u4=Need%20for%20Speed%E2%84%A2%20Heat%20Deluxe%20Edition;u5=game;u9=false;u13=false;u17=;u18=;u19=false;ord=437758497548.98456;~oref=https%3A%2F%2Fstore.playstation.com%2FtagManager.html, line 3: ReferenceError: DW is not defined
1572954531932	Marionette	INFO	Stopped listening on port 50761
1572954598765	mozrunner::runner	INFO	Running command: "/Applications/Firefox.app/Contents/MacOS/firefox-bin" "-marionette" "-foreground" "-no-remote" "-profile" "/var/folders/76/30kylqcx3bz_ngs952jkkmbr0000gn/T/rust_mozprofilei4151q"
1572954599291	addons.webextension.screenshots@mozilla.org	WARN	Loading extension 'screenshots@mozilla.org': Reading manifest: Invalid extension permission: mozillaAddons
1572954599292	addons.webextension.screenshots@mozilla.org	WARN	Loading extension 'screenshots@mozilla.org': Reading manifest: Invalid extension permission: telemetry
1572954599292	addons.webextension.screenshots@mozilla.org	WARN	Loading extension 'screenshots@mozilla.org': Reading manifest: Invalid extension permission: resource://pdf.js/
1572954599292	addons.webextension.screenshots@mozilla.org	WARN	Loading extension 'screenshots@mozilla.org': Reading manifest: Invalid extension permission: about:reader*
1572954601036	Marionette	INFO	Listening on port 50906
1572954601115	Marionette	WARN	TLS certificate errors will be ignored for this session
1572954614934	Marionette	INFO	Stopped listening on port 50906
1572954926028	mozrunner::runner	INFO	Running command: "/Applications/Firefox.app/Contents/MacOS/firefox-bin" "-marionette" "-foreground" "-no-remote" "-profile" "/var/folders/76/30kylqcx3bz_ngs952jkkmbr0000gn/T/rust_mozprofileKd7S6P"
1572954926542	addons.webextension.screenshots@mozilla.org	WARN	Loading extension 'screenshots@mozilla.org': Reading manifest: Invalid extension permission: mozillaAddons
1572954926542	addons.webextension.screenshots@mozilla.org	WARN	Loading extension 'screenshots@mozilla.org': Reading manifest: Invalid extension permission: telemetry
1572954926542	addons.webextension.screenshots@mozilla.org	WARN	Loading extension 'screenshots@mozilla.org': Reading manifest: Invalid extension permission: resource://pdf.js/
1572954926542	addons.webextension.screenshots@mozilla.org	WARN	Loading extension 'screenshots@mozilla.org': Reading manifest: Invalid extension permission: about:reader*
1572954928287	Marionette	INFO	Listening on port 51038
1572954928390	Marionette	WARN	TLS certificate errors will be ignored for this session
JavaScript error: resource://devtools/client/jsonview/converter-observer.js, line 76: NS_ERROR_NOT_AVAILABLE: Component returned failure code: 0x80040111 (NS_ERROR_NOT_AVAILABLE) [nsIChannel.contentType]
JavaScript error: resource:///modules/BrowserContentHandler.jsm, line 247: NS_ERROR_XPC_GS_RETURNED_FAILURE: ServiceManager::GetService returned failure code:
JavaScript error: resource:///modules/BrowserContentHandler.jsm, line 247: NS_ERROR_XPC_GS_RETURNED_FAILURE: ServiceManager::GetService returned failure code:
1572954953153	Marionette	INFO	Stopped listening on port 51038
1572955148276	mozrunner::runner	INFO	Running command: "/Applications/Firefox.app/Contents/MacOS/firefox-bin" "-marionette" "-foreground" "-no-remote" "-profile" "/var/folders/76/30kylqcx3bz_ngs952jkkmbr0000gn/T/rust_mozprofileZN1Xiu"
1572955148790	addons.webextension.screenshots@mozilla.org	WARN	Loading extension 'screenshots@mozilla.org': Reading manifest: Invalid extension permission: mozillaAddons
1572955148790	addons.webextension.screenshots@mozilla.org	WARN	Loading extension 'screenshots@mozilla.org': Reading manifest: Invalid extension permission: telemetry
1572955148791	addons.webextension.screenshots@mozilla.org	WARN	Loading extension 'screenshots@mozilla.org': Reading manifest: Invalid extension permission: resource://pdf.js/
1572955148791	addons.webextension.screenshots@mozilla.org	WARN	Loading extension 'screenshots@mozilla.org': Reading manifest: Invalid extension permission: about:reader*
1572955150386	Marionette	INFO	Listening on port 51185
1572955150439	Marionette	WARN	TLS certificate errors will be ignored for this session
1572955174503	Marionette	INFO	Stopped listening on port 51185
1572956037017	mozrunner::runner	INFO	Running command: "/Applications/Firefox.app/Contents/MacOS/firefox-bin" "-marionette" "-foreground" "-no-remote" "-profile" "/var/folders/76/30kylqcx3bz_ngs952jkkmbr0000gn/T/rust_mozprofileycqnjS"
1572956037550	addons.webextension.screenshots@mozilla.org	WARN	Loading extension 'screenshots@mozilla.org': Reading manifest: Invalid extension permission: mozillaAddons
1572956037551	addons.webextension.screenshots@mozilla.org	WARN	Loading extension 'screenshots@mozilla.org': Reading manifest: Invalid extension permission: telemetry
1572956037551	addons.webextension.screenshots@mozilla.org	WARN	Loading extension 'screenshots@mozilla.org': Reading manifest: Invalid extension permission: resource://pdf.js/
1572956037551	addons.webextension.screenshots@mozilla.org	WARN	Loading extension 'screenshots@mozilla.org': Reading manifest: Invalid extension permission: about:reader*
1572956039167	Marionette	INFO	Listening on port 51340
1572956039266	Marionette	WARN	TLS certificate errors will be ignored for this session
JavaScript error: resource:///modules/BrowserContentHandler.jsm, line 247: NS_ERROR_XPC_GS_RETURNED_FAILURE: ServiceManager::GetService returned failure code:
JavaScript error: https://connect.facebook.net/en_US/fbevents.js, line 25: NS_ERROR_FAILURE: 
1572956073533	Marionette	INFO	Stopped listening on port 51340
1572956130801	mozrunner::runner	INFO	Running command: "/Applications/Firefox.app/Contents/MacOS/firefox-bin" "-marionette" "-foreground" "-no-remote" "-profile" "/var/folders/76/30kylqcx3bz_ngs952jkkmbr0000gn/T/rust_mozprofile9uZQCt"
1572956131304	addons.webextension.screenshots@mozilla.org	WARN	Loading extension 'screenshots@mozilla.org': Reading manifest: Invalid extension permission: mozillaAddons
1572956131305	addons.webextension.screenshots@mozilla.org	WARN	Loading extension 'screenshots@mozilla.org': Reading manifest: Invalid extension permission: telemetry
1572956131305	addons.webextension.screenshots@mozilla.org	WARN	Loading extension 'screenshots@mozilla.org': Reading manifest: Invalid extension permission: resource://pdf.js/
1572956131305	addons.webextension.screenshots@mozilla.org	WARN	Loading extension 'screenshots@mozilla.org': Reading manifest: Invalid extension permission: about:reader*
1572956133135	Marionette	INFO	Listening on port 51484
1572956133151	Marionette	WARN	TLS certificate errors will be ignored for this session
JavaScript error: https://connect.facebook.net/en_US/fbevents.js, line 25: NS_ERROR_FAILURE: 
1572956158319	Marionette	INFO	Stopped listening on port 51484
1572956287358	mozrunner::runner	INFO	Running command: "/Applications/Firefox.app/Contents/MacOS/firefox-bin" "-marionette" "-foreground" "-no-remote" "-profile" "/var/folders/76/30kylqcx3bz_ngs952jkkmbr0000gn/T/rust_mozprofileEB7q4x"
1572956287849	addons.webextension.screenshots@mozilla.org	WARN	Loading extension 'screenshots@mozilla.org': Reading manifest: Invalid extension permission: mozillaAddons
1572956287849	addons.webextension.screenshots@mozilla.org	WARN	Loading extension 'screenshots@mozilla.org': Reading manifest: Invalid extension permission: telemetry
1572956287849	addons.webextension.screenshots@mozilla.org	WARN	Loading extension 'screenshots@mozilla.org': Reading manifest: Invalid extension permission: resource://pdf.js/
1572956287849	addons.webextension.screenshots@mozilla.org	WARN	Loading extension 'screenshots@mozilla.org': Reading manifest: Invalid extension permission: about:reader*
1572956289591	Marionette	INFO	Listening on port 51628
1572956289617	Marionette	WARN	TLS certificate errors will be ignored for this session
1572956324157	Marionette	INFO	Stopped listening on port 51628
1572956397288	mozrunner::runner	INFO	Running command: "/Applications/Firefox.app/Contents/MacOS/firefox-bin" "-marionette" "-foreground" "-no-remote" "-profile" "/var/folders/76/30kylqcx3bz_ngs952jkkmbr0000gn/T/rust_mozprofilelExdnF"
1572956397856	addons.webextension.screenshots@mozilla.org	WARN	Loading extension 'screenshots@mozilla.org': Reading manifest: Invalid extension permission: mozillaAddons
1572956397856	addons.webextension.screenshots@mozilla.org	WARN	Loading extension 'screenshots@mozilla.org': Reading manifest: Invalid extension permission: telemetry
1572956397857	addons.webextension.screenshots@mozilla.org	WARN	Loading extension 'screenshots@mozilla.org': Reading manifest: Invalid extension permission: resource://pdf.js/
1572956397857	addons.webextension.screenshots@mozilla.org	WARN	Loading extension 'screenshots@mozilla.org': Reading manifest: Invalid extension permission: about:reader*
1572956399475	Marionette	INFO	Listening on port 51742
1572956399537	Marionette	WARN	TLS certificate errors will be ignored for this session
JavaScript error: resource:///modules/BrowserContentHandler.jsm, line 247: NS_ERROR_XPC_GS_RETURNED_FAILURE: ServiceManager::GetService returned failure code:
JavaScript error: resource:///modules/BrowserContentHandler.jsm, line 247: NS_ERROR_XPC_GS_RETURNED_FAILURE: ServiceManager::GetService returned failure code:
JavaScript error: resource:///modules/BrowserContentHandler.jsm, line 247: NS_ERROR_XPC_GS_RETURNED_FAILURE: ServiceManager::GetService returned failure code:
JavaScript error: https://store.playstation.com/assets/valkyrie-storefront-ab76df32ec151ca3d4c961cd46967f16.js, line 30: TypeError: e is undefined
1572956430277	Marionette	INFO	Stopped listening on port 51742
1572956464695	mozrunner::runner	INFO	Running command: "/Applications/Firefox.app/Contents/MacOS/firefox-bin" "-marionette" "-foreground" "-no-remote" "-profile" "/var/folders/76/30kylqcx3bz_ngs952jkkmbr0000gn/T/rust_mozprofileMFmHRk"
1572956465175	addons.webextension.screenshots@mozilla.org	WARN	Loading extension 'screenshots@mozilla.org': Reading manifest: Invalid extension permission: mozillaAddons
1572956465175	addons.webextension.screenshots@mozilla.org	WARN	Loading extension 'screenshots@mozilla.org': Reading manifest: Invalid extension permission: telemetry
1572956465175	addons.webextension.screenshots@mozilla.org	WARN	Loading extension 'screenshots@mozilla.org': Reading manifest: Invalid extension permission: resource://pdf.js/
1572956465175	addons.webextension.screenshots@mozilla.org	WARN	Loading extension 'screenshots@mozilla.org': Reading manifest: Invalid extension permission: about:reader*
1572956466935	Marionette	INFO	Listening on port 51885
1572956466950	Marionette	WARN	TLS certificate errors will be ignored for this session
JavaScript error: resource:///modules/BrowserContentHandler.jsm, line 247: NS_ERROR_XPC_GS_RETURNED_FAILURE: ServiceManager::GetService returned failure code:
1572956496251	Marionette	INFO	Stopped listening on port 51885
